[0m[[0m[0mdebug[0m] [0m[0m> Exec(__runWatch console0, Some(8faa3c50-a2d9-40ad-85cd-81a464b75a38), Some(CommandSource(console0)))[0m
[0m[[0m[0mdebug[0m] [0m[0m> Exec(sbtStashOnFailure, None, Some(CommandSource(console0)))[0m
[0m[[0m[0mdebug[0m] [0m[0m> Exec(__preWatch console0, None, Some(CommandSource(console0)))[0m
[0m[[0m[0mdebug[0m] [0m[0m> Exec(run, None, Some(CommandSource(console0)))[0m
[0m[[0m[0mdebug[0m] [0m[0mEvaluating tasks: Compile / run[0m
[0m[[0m[0mdebug[0m] [0m[0mRunning task... Cancel: Signal, check cycles: false, forcegc: true[0m
[0m[[0m[0minfo[0m] [0m[0mcompiling 1 Scala source to C:\ProgrammingProjects\exersize2\target\scala-3.0.2\classes ...[0m
[0m[[0m[31merror[0m] [0m[0m[31m-- [E007] Type Mismatch Error: C:\ProgrammingProjects\exersize2\src\main\scala\main.scala:168:32 [0m[0m
[0m[[0m[31merror[0m] [0m[0m[31m168 |[0m  [33mif[0m (d == [31m0[0m) SearchTree.make(_,x,_)[0m
[0m[[0m[31merror[0m] [0m[0m    |                                [31m^[0m[0m
[0m[[0m[31merror[0m] [0m[0m    |    Found:    (x : A)[0m
[0m[[0m[31merror[0m] [0m[0m    |    Required: Nothing[0m
[0m[[0m[31merror[0m] [0m[0m    |[0m
[0m[[0m[31merror[0m] [0m[0m    |    where:    A is a type in [33mmethod[0m [35mcomplete[0m with bounds <: Ordered[A][0m
[0m[[0m[31merror[0m] [0m[0m[31m-- [E008] Not Found Error: C:\ProgrammingProjects\exersize2\src\main\scala\main.scala:170:23 [0m[0m
[0m[[0m[31merror[0m] [0m[0m[31m170 |[0m    [33mval[0m [36mt[0m = SearchTree.complete(x, d - [31m1[0m)[0m
[0m[[0m[31merror[0m] [0m[0m    |            [31m^^^^^^^^^^^^^^^^^^^[0m[0m
[0m[[0m[31merror[0m] [0m[0m    |            value complete is not a member of object SearchTree[0m
[0m[[0m[31merror[0m] [0m[0mtwo errors found[0m
[0m[[0m[31merror[0m] [0m[0mtwo errors found[0m
[0m[[0m[31merror[0m] [0m[0m(Compile / [31mcompileIncremental[0m) Compilation failed[0m
[0m[[0m[31merror[0m] [0m[0mTotal time: 0 s, completed Oct 23, 2021, 3:34:09 PM[0m
[0m[[0m[0mdebug[0m] [0m[0m> Exec(resumeFromFailure, None, Some(CommandSource(console0)))[0m
[0m[[0m[0mdebug[0m] [0m[0m> Exec(sbtPopOnFailure, None, Some(CommandSource(console0)))[0m
[0m[[0m[0mdebug[0m] [0m[0m> Exec(__postWatch console0, None, Some(CommandSource(console0)))[0m
[0m[[0m[0mdebug[0m] [0m[0m> Exec(resumeFromFailure, None, None)[0m
[0m[[0m[0mdebug[0m] [0m[0m> Exec(__waitWatch console0, None, None)[0m
