[0m[[0m[0mdebug[0m] [0m[0m> Exec(__runWatch console0, Some(d7c02475-ad73-4455-9100-bbc09b55b66d), Some(CommandSource(console0)))[0m
[0m[[0m[0mdebug[0m] [0m[0m> Exec(sbtStashOnFailure, None, Some(CommandSource(console0)))[0m
[0m[[0m[0mdebug[0m] [0m[0m> Exec(__preWatch console0, None, Some(CommandSource(console0)))[0m
[0m[[0m[0mdebug[0m] [0m[0m> Exec(run, None, Some(CommandSource(console0)))[0m
[0m[[0m[0mdebug[0m] [0m[0mEvaluating tasks: Compile / run[0m
[0m[[0m[0mdebug[0m] [0m[0mRunning task... Cancel: Signal, check cycles: false, forcegc: true[0m
[0m[[0m[0minfo[0m] [0m[0mcompiling 1 Scala source to C:\ProgrammingProjects\exersize2\target\scala-3.0.2\classes ...[0m
[0m[[0m[31merror[0m] [0m[0m[31m-- [E006] Not Found Error: C:\ProgrammingProjects\exersize2\src\main\scala\main.scala:168:45 [0m[0m
[0m[[0m[31merror[0m] [0m[0m[31m168 |[0m  println([31m"result SearchTree: "[0m + Node(Empty,_$1,Empty))[0m
[0m[[0m[31merror[0m] [0m[0m    |                                             [31m^^^[0m[0m
[0m[[0m[31merror[0m] [0m[0m    |                                             Not found: _$1[0m
[0m[[0m[31merror[0m] [0m[0mone error found[0m
[0m[[0m[31merror[0m] [0m[0mone error found[0m
[0m[[0m[0mdebug[0m] [0m[0mForcing garbage collection...[0m
[0m[[0m[31merror[0m] [0m[0m(Compile / [31mcompileIncremental[0m) Compilation failed[0m
[0m[[0m[31merror[0m] [0m[0mTotal time: 0 s, completed Oct 11, 2021, 11:23:12 PM[0m
[0m[[0m[0mdebug[0m] [0m[0m> Exec(resumeFromFailure, None, Some(CommandSource(console0)))[0m
[0m[[0m[0mdebug[0m] [0m[0m> Exec(sbtPopOnFailure, None, Some(CommandSource(console0)))[0m
[0m[[0m[0mdebug[0m] [0m[0m> Exec(__postWatch console0, None, Some(CommandSource(console0)))[0m
[0m[[0m[0mdebug[0m] [0m[0m> Exec(resumeFromFailure, None, None)[0m
[0m[[0m[0mdebug[0m] [0m[0m> Exec(__waitWatch console0, None, None)[0m
