[0m[[0m[0mdebug[0m] [0m[0m> Exec(__runWatch console0, Some(b783d159-b44a-498c-bd1d-1c702dfcbf64), Some(CommandSource(console0)))[0m
[0m[[0m[0mdebug[0m] [0m[0m> Exec(sbtStashOnFailure, None, Some(CommandSource(console0)))[0m
[0m[[0m[0mdebug[0m] [0m[0m> Exec(__preWatch console0, None, Some(CommandSource(console0)))[0m
[0m[[0m[0mdebug[0m] [0m[0m> Exec(run, None, Some(CommandSource(console0)))[0m
[0m[[0m[0mdebug[0m] [0m[0mEvaluating tasks: Compile / run[0m
[0m[[0m[0mdebug[0m] [0m[0mRunning task... Cancel: Signal, check cycles: false, forcegc: true[0m
[0m[[0m[0minfo[0m] [0m[0mcompiling 1 Scala source to C:\ProgrammingProjects\exersize2\target\scala-3.0.2\classes ...[0m
[0m[[0m[31merror[0m] [0m[0m[31m-- [E040] Syntax Error: C:\ProgrammingProjects\exersize2\src\main\scala\main.scala:84:24 [0m[0m
[0m[[0m[31merror[0m] [0m[0m[31m84 |[0m  [33mcase class[0m [35mEmpty[0m[[35mNode[0m[]][0m
[0m[[0m[31merror[0m] [0m[0m   |                        [31m^[0m[0m
[0m[[0m[31merror[0m] [0m[0m   |                        an identifier expected, but ']' found[0m
[0m[[0m[31merror[0m] [0m[0m[31m-- [E004] Syntax Error: C:\ProgrammingProjects\exersize2\src\main\scala\main.scala:84:13 [0m[0m
[0m[[0m[31merror[0m] [0m[0m[31m84 |[0m  [33mcase class[0m [35mEmpty[0m[[35mNode[0m[]][0m
[0m[[0m[31merror[0m] [0m[0m   |             [31m^^^^^[0m[0m
[0m[[0m[31merror[0m] [0m[0m   |             A [33mcase class[0m must have at least one parameter list[0m
[0m[[0m[31merror[0m] [0m[0m[31m-- [E006] Not Found Error: C:\ProgrammingProjects\exersize2\src\main\scala\main.scala:88:16 [0m[0m
[0m[[0m[31merror[0m] [0m[0m[31m88 |[0m  [33mdef[0m [36mzig[0m([36mtree[0m: [35mSearchTree[Int][0m): [35mSearchTree[Int][0m = tree [33mmatch[0m {[0m
[0m[[0m[31merror[0m] [0m[0m   |                [31m^^^^^^^^^^[0m[0m
[0m[[0m[31merror[0m] [0m[0m   |                Not found: type SearchTree[0m
[0m[[0m[31merror[0m] [0m[0m[31m-- [E006] Not Found Error: C:\ProgrammingProjects\exersize2\src\main\scala\main.scala:88:34 [0m[0m
[0m[[0m[31merror[0m] [0m[0m[31m88 |[0m  [33mdef[0m [36mzig[0m([36mtree[0m: [35mSearchTree[Int][0m): [35mSearchTree[Int][0m = tree [33mmatch[0m {[0m
[0m[[0m[31merror[0m] [0m[0m   |                                  [31m^^^^^^^^^^[0m[0m
[0m[[0m[31merror[0m] [0m[0m   |                                  Not found: type SearchTree[0m
[0m[[0m[31merror[0m] [0m[0m[31m-- [E107] Syntax Error: C:\ProgrammingProjects\exersize2\src\main\scala\main.scala:90:13 [0m[0m
[0m[[0m[31merror[0m] [0m[0m[31m90 |[0m    [33mcase[0m Node(Empty,y,Empty) => tree[0m
[0m[[0m[31merror[0m] [0m[0m   |         [31m^^^^^^^^^^^^^^^^^^^[0m[0m
[0m[[0m[31merror[0m] [0m[0m   |Wrong number of argument patterns for Node; expected: (Tree[Nothing], Tree[Nothing])[0m
[0m[[0m[31merror[0m] [0m[0m[31m-- [E107] Syntax Error: C:\ProgrammingProjects\exersize2\src\main\scala\main.scala:91:13 [0m[0m
[0m[[0m[31merror[0m] [0m[0m[31m91 |[0m    [33mcase[0m Node(Empty,y,rgt) => tree[0m
[0m[[0m[31merror[0m] [0m[0m   |         [31m^^^^^^^^^^^^^^^^^[0m[0m
[0m[[0m[31merror[0m] [0m[0m   |Wrong number of argument patterns for Node; expected: (Tree[Nothing], Tree[Nothing])[0m
[0m[[0m[31merror[0m] [0m[0m[31m-- [E006] Not Found Error: C:\ProgrammingProjects\exersize2\src\main\scala\main.scala:98:16 [0m[0m
[0m[[0m[31merror[0m] [0m[0m[31m98 |[0m  [33mdef[0m [36mzag[0m([36mtree[0m: [35mSearchTree[Int][0m): [35mSearchTree[Int][0m = tree [33mmatch[0m {[0m
[0m[[0m[31merror[0m] [0m[0m   |                [31m^^^^^^^^^^[0m[0m
[0m[[0m[31merror[0m] [0m[0m   |                Not found: type SearchTree[0m
[0m[[0m[31merror[0m] [0m[0m[31m-- [E006] Not Found Error: C:\ProgrammingProjects\exersize2\src\main\scala\main.scala:98:34 [0m[0m
[0m[[0m[31merror[0m] [0m[0m[31m98 |[0m  [33mdef[0m [36mzag[0m([36mtree[0m: [35mSearchTree[Int][0m): [35mSearchTree[Int][0m = tree [33mmatch[0m {[0m
[0m[[0m[31merror[0m] [0m[0m   |                                  [31m^^^^^^^^^^[0m[0m
[0m[[0m[31merror[0m] [0m[0m   |                                  Not found: type SearchTree[0m
[0m[[0m[31merror[0m] [0m[0m[31m-- [E107] Syntax Error: C:\ProgrammingProjects\exersize2\src\main\scala\main.scala:100:13 [0m[0m
[0m[[0m[31merror[0m] [0m[0m[31m100 |[0m    [33mcase[0m Node(Empty,y,Empty) => tree[0m
[0m[[0m[31merror[0m] [0m[0m    |         [31m^^^^^^^^^^^^^^^^^^^[0m[0m
[0m[[0m[31merror[0m] [0m[0m    |Wrong number of argument patterns for Node; expected: (Tree[Nothing], Tree[Nothing])[0m
[0m[[0m[31merror[0m] [0m[0m[31m-- [E107] Syntax Error: C:\ProgrammingProjects\exersize2\src\main\scala\main.scala:101:13 [0m[0m
[0m[[0m[31merror[0m] [0m[0m[31m101 |[0m    [33mcase[0m Node(lft,y,Empty) => tree[0m
[0m[[0m[31merror[0m] [0m[0m    |         [31m^^^^^^^^^^^^^^^^^[0m[0m
[0m[[0m[31merror[0m] [0m[0m    |Wrong number of argument patterns for Node; expected: (Tree[Nothing], Tree[Nothing])[0m
[0m[[0m[31merror[0m] [0m[0m10 errors found[0m
[0m[[0m[31merror[0m] [0m[0m10 errors found[0m
[0m[[0m[31merror[0m] [0m[0m(Compile / [31mcompileIncremental[0m) Compilation failed[0m
[0m[[0m[31merror[0m] [0m[0mTotal time: 1 s, completed Oct 1, 2021, 9:55:39 PM[0m
[0m[[0m[0mdebug[0m] [0m[0m> Exec(resumeFromFailure, None, Some(CommandSource(console0)))[0m
[0m[[0m[0mdebug[0m] [0m[0m> Exec(sbtPopOnFailure, None, Some(CommandSource(console0)))[0m
[0m[[0m[0mdebug[0m] [0m[0m> Exec(__postWatch console0, None, Some(CommandSource(console0)))[0m
[0m[[0m[0mdebug[0m] [0m[0m> Exec(resumeFromFailure, None, None)[0m
[0m[[0m[0mdebug[0m] [0m[0m> Exec(__waitWatch console0, None, None)[0m
